number,value,datetime_start,datetime_complete,duration,params_learning_rate,params_max_depth,params_max_features,params_min_samples_leaf,params_n_estimators,params_subsample,user_attrs_folds,user_attrs_std,system_attrs_tpe:relative_params:0,state,best_so_far
56,0.4404730412618574,2026-09-28 13:08:06.773546,2026-09-28 13:08:07.393849,0 days 00:00:00.620303,0.008614031243516795,4,log2,74,270,0.6292087005875773,"[0.327, 0.464, 0.433, 0.522, 0.457]",0.06394706460327317,"{""learning_rate"": 0.008614031243516795, ""max_depth"": 4, ""max_features"": ""log2"", ""min_samples_leaf"": 74, ""n_estimators"": 270, ""subsample"": 0.6292087005875773}",COMPLETE,0.4914251876752885
57,0.47485003640009893,2026-09-28 13:08:07.393877,2026-09-28 13:08:07.886696,0 days 00:00:00.492819,0.01707773516808966,4,log2,56,210,0.6025448251013382,"[0.426, 0.465, 0.474, 0.532, 0.479]",0.03401391315434476,"{""learning_rate"": 0.01707773516808966, ""max_depth"": 4, ""max_features"": ""log2"", ""min_samples_leaf"": 56, ""n_estimators"": 210, ""subsample"": 0.6025448251013382}",COMPLETE,0.4914251876752885
58,0.4763097281912415,2026-09-28 13:08:07.886731,2026-09-28 13:08:08.721028,0 days 00:00:00.834297,0.010741758776419653,4,log2,31,300,0.7356499149730424,"[0.451, 0.458, 0.456, 0.531, 0.485]",0.02966390838287602,"{""learning_rate"": 0.010741758776419653, ""max_depth"": 4, ""max_features"": ""log2"", ""min_samples_leaf"": 31, ""n_estimators"": 300, ""subsample"": 0.7356499149730424}",COMPLETE,0.4914251876752885
59,0.47146498182469065,2026-09-28 13:08:08.721053,2026-09-28 13:08:09.710314,0 days 00:00:00.989261,0.00782493111830037,5,log2,58,400,0.6304653141944525,"[0.394, 0.474, 0.473, 0.544, 0.473]",0.047434410778894105,"{""learning_rate"": 0.00782493111830037, ""max_depth"": 5, ""max_features"": ""log2"", ""min_samples_leaf"": 58, ""n_estimators"": 400, ""subsample"": 0.6304653141944525}",COMPLETE,0.4914251876752885
60,0.47739866726988395,2026-09-28 13:08:09.710342,2026-09-28 13:08:10.553181,0 days 00:00:00.842839,0.014929544261881656,5,log2,17,250,0.702566941565636,"[0.49, 0.447, 0.447, 0.54, 0.463]",0.035151854711866354,"{""learning_rate"": 0.014929544261881656, ""max_depth"": 5, ""max_features"": ""log2"", ""min_samples_leaf"": 17, ""n_estimators"": 250, ""subsample"": 0.702566941565636}",COMPLETE,0.4914251876752885
61,0.4785882306970969,2026-09-28 13:08:10.553208,2026-09-28 13:08:11.217314,0 days 00:00:00.664106,0.016398425894388557,4,log2,63,260,0.7518710670588148,"[0.448, 0.475, 0.453, 0.537, 0.48]",0.03180170801597203,"{""learning_rate"": 0.016398425894388557, ""max_depth"": 4, ""max_features"": ""log2"", ""min_samples_leaf"": 63, ""n_estimators"": 260, ""subsample"": 0.7518710670588148}",COMPLETE,0.4914251876752885
62,0.4914392614279782,2026-09-28 13:08:11.217340,2026-09-28 13:08:11.682686,0 days 00:00:00.465346,0.02022359023764812,3,log2,11,210,0.6572281937675737,"[0.482, 0.485, 0.455, 0.55, 0.486]",0.03130793485635471,"{""learning_rate"": 0.02022359023764812, ""max_depth"": 3, ""max_features"": ""log2"", ""min_samples_leaf"": 11, ""n_estimators"": 210, ""subsample"": 0.6572281937675737}",COMPLETE,0.4914392614279782
63,0.4635383965574703,2026-09-28 13:08:11.682717,2026-09-28 13:08:12.616957,0 days 00:00:00.934240,0.025188270767596586,4,log2,43,340,0.7764523196845305,"[0.424, 0.446, 0.425, 0.547, 0.475]",0.04582407474557205,"{""learning_rate"": 0.025188270767596586, ""max_depth"": 4, ""max_features"": ""log2"", ""min_samples_leaf"": 43, ""n_estimators"": 340, ""subsample"": 0.7764523196845305}",COMPLETE,0.4914392614279782
64,0.4755687068251925,2026-09-28 13:08:12.616982,2026-09-28 13:08:13.425864,0 days 00:00:00.808882,0.027919063505178688,4,log2,15,280,0.7462800719631075,"[0.494, 0.437, 0.442, 0.545, 0.46]",0.04008434316781346,"{""learning_rate"": 0.027919063505178688, ""max_depth"": 4, ""max_features"": ""log2"", ""min_samples_leaf"": 15, ""n_estimators"": 280, ""subsample"": 0.7462800719631075}",COMPLETE,0.4914392614279782
65,0.47835763566241835,2026-09-28 13:08:13.425893,2026-09-28 13:08:14.058412,0 days 00:00:00.632519,0.011813469894446758,4,log2,50,250,0.667994394828539,"[0.432, 0.463, 0.471, 0.529, 0.497]",0.03243935486174597,"{""learning_rate"": 0.011813469894446758, ""max_depth"": 4, ""max_features"": ""log2"", ""min_samples_leaf"": 50, ""n_estimators"": 250, ""subsample"": 0.667994394828539}",COMPLETE,0.4914392614279782
66,0.48041706659861144,2026-09-28 13:08:14.058438,2026-09-28 13:08:14.588590,0 days 00:00:00.530152,0.012345383864161683,3,log2,16,210,0.742836508977159,"[0.467, 0.476, 0.435, 0.536, 0.488]",0.0326422010367186,"{""learning_rate"": 0.012345383864161683, ""max_depth"": 3, ""max_features"": ""log2"", ""min_samples_leaf"": 16, ""n_estimators"": 210, ""subsample"": 0.742836508977159}",COMPLETE,0.4914392614279782
67,0.4821470234690808,2026-09-28 13:08:14.588621,2026-09-28 13:08:15.096155,0 days 00:00:00.507534,0.016004655574447642,3,log2,19,220,0.7047834207804963,"[0.444, 0.482, 0.463, 0.542, 0.479]",0.03274560875153347,"{""learning_rate"": 0.016004655574447642, ""max_depth"": 3, ""max_features"": ""log2"", ""min_samples_leaf"": 19, ""n_estimators"": 220, ""subsample"": 0.7047834207804963}",COMPLETE,0.4914392614279782
68,0.45526084721604415,2026-09-28 13:08:15.096181,2026-09-28 13:08:15.607945,0 days 00:00:00.511764,0.011979524267703082,4,log2,71,210,0.7029333345151321,"[0.368, 0.467, 0.446, 0.521, 0.474]",0.04994581476846754,"{""learning_rate"": 0.011979524267703082, ""max_depth"": 4, ""max_features"": ""log2"", ""min_samples_leaf"": 71, ""n_estimators"": 210, ""subsample"": 0.7029333345151321}",COMPLETE,0.4914392614279782
69,0.4816797565372147,2026-09-28 13:08:15.607972,2026-09-28 13:08:16.452590,0 days 00:00:00.844618,0.021916627970127053,4,log2,88,330,0.7305955897742523,"[0.444, 0.47, 0.479, 0.527, 0.488]",0.027014953738662133,"{""learning_rate"": 0.021916627970127053, ""max_depth"": 4, ""max_features"": ""log2"", ""min_samples_leaf"": 88, ""n_estimators"": 330, ""subsample"": 0.7305955897742523}",COMPLETE,0.4914392614279782
70,0.48072244542900455,2026-09-28 13:08:16.452613,2026-09-28 13:08:17.363047,0 days 00:00:00.910434,0.01958200522918596,4,log2,46,350,0.6861834537768791,"[0.428, 0.445, 0.48, 0.555, 0.496]",0.044393531183349995,"{""learning_rate"": 0.01958200522918596, ""max_depth"": 4, ""max_features"": ""log2"", ""min_samples_leaf"": 46, ""n_estimators"": 350, ""subsample"": 0.6861834537768791}",COMPLETE,0.4914392614279782
71,0.48307017587841966,2026-09-28 13:08:17.363076,2026-09-28 13:08:17.888519,0 days 00:00:00.525443,0.023322673150775245,3,log2,15,220,0.729015598781096,"[0.496, 0.458, 0.439, 0.549, 0.474]",0.03801022472912964,"{""learning_rate"": 0.023322673150775245, ""max_depth"": 3, ""max_features"": ""log2"", ""min_samples_leaf"": 15, ""n_estimators"": 220, ""subsample"": 0.729015598781096}",COMPLETE,0.4914392614279782
72,0.48140818962284115,2026-09-28 13:08:17.888543,2026-09-28 13:08:18.689865,0 days 00:00:00.801322,0.01732951194636359,4,log2,74,340,0.6820688543304126,"[0.424, 0.468, 0.48, 0.546, 0.49]",0.03920411589312922,"{""learning_rate"": 0.01732951194636359, ""max_depth"": 4, ""max_features"": ""log2"", ""min_samples_leaf"": 74, ""n_estimators"": 340, ""subsample"": 0.6820688543304126}",COMPLETE,0.4914392614279782
73,0.47929810216417545,2026-09-28 13:08:18.689897,2026-09-28 13:08:19.244823,0 days 00:00:00.554926,0.018952570714243694,3,log2,10,230,0.7624441381971785,"[0.477, 0.445, 0.445, 0.564, 0.466]",0.04412737779654929,"{""learning_rate"": 0.018952570714243694, ""max_depth"": 3, ""max_features"": ""log2"", ""min_samples_leaf"": 10, ""n_estimators"": 230, ""subsample"": 0.7624441381971785}",COMPLETE,0.4914392614279782
74,0.47528996240764776,2026-09-28 13:08:19.244848,2026-09-28 13:08:19.972003,0 days 00:00:00.727155,0.008779344633136383,4,log2,39,270,0.6858718320566952,"[0.427, 0.452, 0.481, 0.53, 0.486]",0.034655553509881636,"{""learning_rate"": 0.008779344633136383, ""max_depth"": 4, ""max_features"": ""log2"", ""min_samples_leaf"": 39, ""n_estimators"": 270, ""subsample"": 0.6858718320566952}",COMPLETE,0.4914392614279782
75,0.48379938470821315,2026-09-28 13:08:19.972028,2026-09-28 13:08:20.699154,0 days 00:00:00.727126,0.015924835632921526,4,log2,44,270,0.7144942124231483,"[0.449, 0.466, 0.471, 0.537, 0.496]",0.03048271557793296,"{""learning_rate"": 0.015924835632921526, ""max_depth"": 4, ""max_features"": ""log2"", ""min_samples_leaf"": 44, ""n_estimators"": 270, ""subsample"": 0.7144942124231483}",COMPLETE,0.4914392614279782
76,0.4776526923970218,2026-09-28 13:08:20.699179,2026-09-28 13:08:21.258522,0 days 00:00:00.559343,0.03150015848394223,3,log2,13,240,0.6824631294805451,"[0.495, 0.436, 0.461, 0.547, 0.449]",0.0398875438285267,"{""learning_rate"": 0.03150015848394223, ""max_depth"": 3, ""max_features"": ""log2"", ""min_samples_leaf"": 13, ""n_estimators"": 240, ""subsample"": 0.6824631294805451}",COMPLETE,0.4914392614279782
77,0.46798432920820765,2026-09-28 13:08:21.258547,2026-09-28 13:08:21.952407,0 days 00:00:00.693860,0.026547851779165604,3,log2,18,290,0.7520132301938048,"[0.432, 0.422, 0.468, 0.548, 0.47]",0.04461207068054373,"{""learning_rate"": 0.026547851779165604, ""max_depth"": 3, ""max_features"": ""log2"", ""min_samples_leaf"": 18, ""n_estimators"": 290, ""subsample"": 0.7520132301938048}",COMPLETE,0.4914392614279782
78,0.47705517474928333,2026-09-28 13:08:21.952433,2026-09-28 13:08:22.463771,0 days 00:00:00.511338,0.016023136185747158,3,log2,10,220,0.6925412637004884,"[0.466, 0.464, 0.441, 0.548, 0.468]",0.03659219946466432,"{""learning_rate"": 0.016023136185747158, ""max_depth"": 3, ""max_features"": ""log2"", ""min_samples_leaf"": 10, ""n_estimators"": 220, ""subsample"": 0.6925412637004884}",COMPLETE,0.4914392614279782
79,0.4677893517727562,2026-09-28 13:08:22.463798,2026-09-28 13:08:23.136372,0 days 00:00:00.672574,0.025634477253134932,3,log2,9,270,0.692154605073666,"[0.47, 0.431, 0.424, 0.555, 0.459]",0.04687413435429399,"{""learning_rate"": 0.025634477253134932, ""max_depth"": 3, ""max_features"": ""log2"", ""min_samples_leaf"": 9, ""n_estimators"": 270, ""subsample"": 0.692154605073666}",COMPLETE,0.4914392614279782
80,0.4689397941497854,2026-09-28 13:08:23.136405,2026-09-28 13:08:23.822453,0 days 00:00:00.686048,0.017655377533665462,3,log2,33,290,0.7291295805456419,"[0.451, 0.451, 0.44, 0.524, 0.479]",0.030617660177229496,"{""learning_rate"": 0.017655377533665462, ""max_depth"": 3, ""max_features"": ""log2"", ""min_samples_leaf"": 33, ""n_estimators"": 290, ""subsample"": 0.7291295805456419}",COMPLETE,0.4914392614279782
81,0.4779168777769227,2026-09-28 13:08:23.822480,2026-09-28 13:08:24.562924,0 days 00:00:00.740444,0.013235138525123768,4,log2,10,240,0.7287261821027694,"[0.464, 0.457, 0.439, 0.561, 0.468]",0.042637334664299094,"{""learning_rate"": 0.013235138525123768, ""max_depth"": 4, ""max_features"": ""log2"", ""min_samples_leaf"": 10, ""n_estimators"": 240, ""subsample"": 0.7287261821027694}",COMPLETE,0.4914392614279782
82,0.4789052388534163,2026-09-28 13:08:24.562949,2026-09-28 13:08:25.235879,0 days 00:00:00.672930,0.025030828897654428,4,log2,42,260,0.6444143877198281,"[0.437, 0.469, 0.458, 0.529, 0.502]",0.03254919482739985,"{""learning_rate"": 0.025030828897654428, ""max_depth"": 4, ""max_features"": ""log2"", ""min_samples_leaf"": 42, ""n_estimators"": 260, ""subsample"": 0.6444143877198281}",COMPLETE,0.4914392614279782
83,0.4788079441475527,2026-09-28 13:08:25.235905,2026-09-28 13:08:25.846416,0 days 00:00:00.610511,0.01465181080810983,4,log2,35,230,0.6435729444812217,"[0.428, 0.462, 0.477, 0.531, 0.496]",0.03433461756218087,"{""learning_rate"": 0.01465181080810983, ""max_depth"": 4, ""max_features"": ""log2"", ""min_samples_leaf"": 35, ""n_estimators"": 230, ""subsample"": 0.6435729444812217}",COMPLETE,0.4914392614279782
84,0.4648316537479854,2026-09-28 13:08:25.846440,2026-09-28 13:08:26.686135,0 days 00:00:00.839695,0.012210363039852385,4,log2,95,330,0.7906124426033726,"[0.367, 0.486, 0.455, 0.528, 0.488]",0.053851874337594,"{""learning_rate"": 0.012210363039852385, ""max_depth"": 4, ""max_features"": ""log2"", ""min_samples_leaf"": 95, ""n_estimators"": 330, ""subsample"": 0.7906124426033726}",COMPLETE,0.4914392614279782
85,0.4838273883061805,2026-09-28 13:08:26.686170,2026-09-28 13:08:27.390593,0 days 00:00:00.704423,0.02380766642131283,4,log2,24,260,0.6011975634045218,"[0.469, 0.486, 0.483, 0.528, 0.453]",0.025003454674812044,"{""learning_rate"": 0.02380766642131283, ""max_depth"": 4, ""max_features"": ""log2"", ""min_samples_leaf"": 24, ""n_estimators"": 260, ""subsample"": 0.6011975634045218}",COMPLETE,0.4914392614279782
86,0.4819996990353321,2026-09-28 13:08:27.390622,2026-09-28 13:08:28.470110,0 days 00:00:01.079488,0.014095287259402222,4,log2,52,350,0.6778290463597858,"[0.414, 0.487, 0.492, 0.529, 0.487]",0.037270297936327516,"{""learning_rate"": 0.014095287259402222, ""max_depth"": 4, ""max_features"": ""log2"", ""min_samples_leaf"": 52, ""n_estimators"": 350, ""subsample"": 0.6778290463597858}",COMPLETE,0.4914392614279782
87,0.4801921396878777,2026-09-28 13:08:28.470135,2026-09-28 13:08:29.246926,0 days 00:00:00.776791,0.014200008531951792,3,log2,19,280,0.6671601256512941,"[0.453, 0.462, 0.465, 0.543, 0.478]",0.03243529791908702,"{""learning_rate"": 0.014200008531951792, ""max_depth"": 3, ""max_features"": ""log2"", ""min_samples_leaf"": 19, ""n_estimators"": 280, ""subsample"": 0.6671601256512941}",COMPLETE,0.4914392614279782
88,0.4764586449537974,2026-09-28 13:08:29.246956,2026-09-28 13:08:30.181870,0 days 00:00:00.934914,0.010955515811718882,4,log2,61,310,0.7287044861675823,"[0.419, 0.472, 0.483, 0.531, 0.477]",0.03558210541232388,"{""learning_rate"": 0.010955515811718882, ""max_depth"": 4, ""max_features"": ""log2"", ""min_samples_leaf"": 61, ""n_estimators"": 310, ""subsample"": 0.7287044861675823}",COMPLETE,0.4914392614279782
89,0.4893270274634844,2026-09-28 13:08:30.181895,2026-09-28 13:08:30.806945,0 days 00:00:00.625050,0.01995467829065146,4,log2,69,240,0.7110744261264489,"[0.475, 0.472, 0.474, 0.544, 0.481]",0.027761978841240733,"{""learning_rate"": 0.01995467829065146, ""max_depth"": 4, ""max_features"": ""log2"", ""min_samples_leaf"": 69, ""n_estimators"": 240, ""subsample"": 0.7110744261264489}",COMPLETE,0.4914392614279782
90,0.4828239863647649,2026-09-28 13:08:30.806972,2026-09-28 13:08:31.584634,0 days 00:00:00.777662,0.018897340104193285,4,log2,35,270,0.6610094561067331,"[0.458, 0.466, 0.485, 0.519, 0.486]",0.021051779919948423,"{""learning_rate"": 0.018897340104193285, ""max_depth"": 4, ""max_features"": ""log2"", ""min_samples_leaf"": 35, ""n_estimators"": 270, ""subsample"": 0.6610094561067331}",COMPLETE,0.4914392614279782
91,0.485137564408315,2026-09-28 13:08:31.584659,2026-09-28 13:08:32.439973,0 days 00:00:00.855314,0.024865973721587786,4,log2,60,330,0.6810994502962753,"[0.466, 0.45, 0.471, 0.554, 0.484]",0.03624620202424116,"{""learning_rate"": 0.024865973721587786, ""max_depth"": 4, ""max_features"": ""log2"", ""min_samples_leaf"": 60, ""n_estimators"": 330, ""subsample"": 0.6810994502962753}",COMPLETE,0.4914392614279782
92,0.490151318286227,2026-09-28 13:08:32.440002,2026-09-28 13:08:33.205245,0 days 00:00:00.765243,0.02462163093578642,4,log2,73,310,0.6790263204680954,"[0.447, 0.455, 0.492, 0.563, 0.494]",0.04087524673969795,"{""learning_rate"": 0.02462163093578642, ""max_depth"": 4, ""max_features"": ""log2"", ""min_samples_leaf"": 73, ""n_estimators"": 310, ""subsample"": 0.6790263204680954}",COMPLETE,0.4914392614279782
93,0.49406788577176836,2026-09-28 13:08:33.205270,2026-09-28 13:08:34.020024,0 days 00:00:00.814754,0.021845799837509224,4,log2,67,300,0.7623544089462052,"[0.489, 0.479, 0.48, 0.536, 0.487]",0.021099924786021497,"{""learning_rate"": 0.021845799837509224, ""max_depth"": 4, ""max_features"": ""log2"", ""min_samples_leaf"": 67, ""n_estimators"": 300, ""subsample"": 0.7623544089462052}",COMPLETE,0.49406788577176836
94,0.4909314313758185,2026-09-28 13:08:34.020055,2026-09-28 13:08:34.818097,0 days 00:00:00.798042,0.020766749508641418,4,log2,57,320,0.63375242828586,"[0.477, 0.463, 0.467, 0.558, 0.489]",0.03459375743957001,"{""learning_rate"": 0.020766749508641418, ""max_depth"": 4, ""max_features"": ""log2"", ""min_samples_leaf"": 57, ""n_estimators"": 320, ""subsample"": 0.63375242828586}",COMPLETE,0.49406788577176836
95,0.48465710216625046,2026-09-28 13:08:34.818127,2026-09-28 13:08:35.525761,0 days 00:00:00.707634,0.022864891336547188,4,log2,65,270,0.7269601130683535,"[0.46, 0.482, 0.474, 0.535, 0.472]",0.026148386585682606,"{""learning_rate"": 0.022864891336547188, ""max_depth"": 4, ""max_features"": ""log2"", ""min_samples_leaf"": 65, ""n_estimators"": 270, ""subsample"": 0.7269601130683535}",COMPLETE,0.49406788577176836
96,0.47343535322366825,2026-09-28 13:08:35.525786,2026-09-28 13:08:36.315687,0 days 00:00:00.789901,0.016866221051816885,4,log2,35,280,0.7536008020269553,"[0.446, 0.448, 0.478, 0.516, 0.479]",0.02555628176399425,"{""learning_rate"": 0.016866221051816885, ""max_depth"": 4, ""max_features"": ""log2"", ""min_samples_leaf"": 35, ""n_estimators"": 280, ""subsample"": 0.7536008020269553}",COMPLETE,0.49406788577176836
97,0.4140941894694518,2026-09-28 13:08:36.315713,2026-09-28 13:08:36.829429,0 days 00:00:00.513716,0.025116212434655595,4,log2,97,230,0.7085291196827,"[0.127, 0.473, 0.468, 0.529, 0.474]",0.1455167071437903,"{""learning_rate"": 0.025116212434655595, ""max_depth"": 4, ""max_features"": ""log2"", ""min_samples_leaf"": 97, ""n_estimators"": 230, ""subsample"": 0.7085291196827}",COMPLETE,0.49406788577176836
98,0.4175058622512579,2026-09-28 13:08:36.829461,2026-09-28 13:08:37.484930,0 days 00:00:00.655469,0.014718806782735641,4,log2,94,270,0.7485711823379512,"[0.127, 0.483, 0.453, 0.53, 0.495]",0.14759900569035175,"{""learning_rate"": 0.014718806782735641, ""max_depth"": 4, ""max_features"": ""log2"", ""min_samples_leaf"": 94, ""n_estimators"": 270, ""subsample"": 0.7485711823379512}",COMPLETE,0.49406788577176836
99,0.4731159536926398,2026-09-28 13:08:37.484954,2026-09-28 13:08:38.126975,0 days 00:00:00.642021,0.02695606555500952,4,log2,46,240,0.7233492475745043,"[0.415, 0.451, 0.466, 0.551, 0.482]",0.04478873620628791,"{""learning_rate"": 0.02695606555500952, ""max_depth"": 4, ""max_features"": ""log2"", ""min_samples_leaf"": 46, ""n_estimators"": 240, ""subsample"": 0.7233492475745043}",COMPLETE,0.49406788577176836
100,0.46871824460344014,2026-09-28 13:08:38.126999,2026-09-28 13:08:39.015632,0 days 00:00:00.888633,0.029182125323999664,4,log2,43,320,0.7439144629601737,"[0.438, 0.438, 0.435, 0.552, 0.48]",0.04477928818343769,"{""learning_rate"": 0.029182125323999664, ""max_depth"": 4, ""max_features"": ""log2"", ""min_samples_leaf"": 43, ""n_estimators"": 320, ""subsample"": 0.7439144629601737}",COMPLETE,0.49406788577176836
101,0.479092566622796,2026-09-28 13:08:39.015658,2026-09-28 13:08:39.933006,0 days 00:00:00.917348,0.01805041693681497,4,log2,45,330,0.7504111000979425,"[0.435, 0.464, 0.453, 0.544, 0.5]",0.038781534970009225,"{""learning_rate"": 0.01805041693681497, ""max_depth"": 4, ""max_features"": ""log2"", ""min_samples_leaf"": 45, ""n_estimators"": 330, ""subsample"": 0.7504111000979425}",COMPLETE,0.49406788577176836
102,0.48390469443477596,2026-09-28 13:08:39.933029,2026-09-28 13:08:40.645687,0 days 00:00:00.712658,0.020133588128936404,4,log2,73,280,0.6581713492958922,"[0.432, 0.464, 0.479, 0.556, 0.488]",0.04077599833624637,"{""learning_rate"": 0.020133588128936404, ""max_depth"": 4, ""max_features"": ""log2"", ""min_samples_leaf"": 73, ""n_estimators"": 280, ""subsample"": 0.6581713492958922}",COMPLETE,0.49406788577176836
103,0.498447370260864,2026-09-28 13:08:40.645711,2026-09-28 13:08:41.449359,0 days 00:00:00.803648,0.022244754224214267,4,log2,71,310,0.7575502258035706,"[0.5, 0.47, 0.484, 0.552, 0.486]",0.02852007823546501,"{""learning_rate"": 0.022244754224214267, ""max_depth"": 4, ""max_features"": ""log2"", ""min_samples_leaf"": 71, ""n_estimators"": 310, ""subsample"": 0.7575502258035706}",COMPLETE,0.498447370260864
104,0.46971651965053907,2026-09-28 13:08:41.449383,2026-09-28 13:08:41.982755,0 days 00:00:00.533372,0.017327721063323438,4,log2,77,220,0.6904184742475072,"[0.401, 0.47, 0.453, 0.54, 0.485]",0.04534040269450663,"{""learning_rate"": 0.017327721063323438, ""max_depth"": 4, ""max_features"": ""log2"", ""min_samples_leaf"": 77, ""n_estimators"": 220, ""subsample"": 0.6904184742475072}",COMPLETE,0.498447370260864
105,0.47685503889875785,2026-09-28 13:08:41.982781,2026-09-28 13:08:43.037308,0 days 00:00:01.054527,0.014159025272855915,5,log2,49,350,0.7377624266311024,"[0.44, 0.454, 0.474, 0.537, 0.48]",0.0331160214921626,"{""learning_rate"": 0.014159025272855915, ""max_depth"": 5, ""max_features"": ""log2"", ""min_samples_leaf"": 49, ""n_estimators"": 350, ""subsample"": 0.7377624266311024}",COMPLETE,0.498447370260864
106,0.474921424335378,2026-09-28 13:08:43.037332,2026-09-28 13:08:43.872695,0 days 00:00:00.835363,0.022583695565963614,4,log2,45,310,0.7228108069480704,"[0.427, 0.446, 0.477, 0.548, 0.477]",0.04122014114598009,"{""learning_rate"": 0.022583695565963614, ""max_depth"": 4, ""max_features"": ""log2"", ""min_samples_leaf"": 45, ""n_estimators"": 310, ""subsample"": 0.7228108069480704}",COMPLETE,0.498447370260864
107,0.48926238142923595,2026-09-28 13:08:43.872719,2026-09-28 13:08:44.644942,0 days 00:00:00.772223,0.019482743858426924,4,log2,60,300,0.7028794158034586,"[0.459, 0.474, 0.493, 0.542, 0.479]",0.028686878814246662,"{""learning_rate"": 0.019482743858426924, ""max_depth"": 4, ""max_features"": ""log2"", ""min_samples_leaf"": 60, ""n_estimators"": 300, ""subsample"": 0.7028794158034586}",COMPLETE,0.498447370260864
