number,value,datetime_start,datetime_complete,duration,params_learning_rate,params_max_depth,params_max_features,params_min_samples_leaf,params_n_estimators,params_subsample,user_attrs_folds,user_attrs_std,system_attrs_tpe:relative_params:0,state,best_so_far
0,0.4694922799565255,2026-09-28 13:07:23.355630,2026-09-28 13:07:26.414893,0 days 00:00:03.059263,0.08731907739399204,5,,12,250,0.4936111842654619,"[0.461, 0.433, 0.425, 0.579, 0.45]",0.056211195995573886,,COMPLETE,0.4694922799565255
1,0.4135539331080461,2026-09-28 13:07:26.414949,2026-09-28 13:07:28.074542,0 days 00:00:01.659593,0.0032983006724298584,4,sqrt,86,380,0.899465584480253,"[0.305, 0.452, 0.38, 0.48, 0.451]",0.06368664522886346,,COMPLETE,0.4694922799565255
2,0.46078055601315154,2026-09-28 13:07:28.074576,2026-09-28 13:07:30.526547,0 days 00:00:02.451971,0.021928619507738722,3,,2,220,0.7671117368334277,"[0.414, 0.448, 0.447, 0.564, 0.431]",0.052895332774694735,,COMPLETE,0.4694922799565255
3,0.4775828966661108,2026-09-28 13:07:30.526577,2026-09-28 13:07:31.734475,0 days 00:00:01.207898,0.007524347058135698,4,log2,8,300,0.7554487413172255,"[0.472, 0.439, 0.452, 0.553, 0.472]",0.03960455946786269,,COMPLETE,0.4775828966661108
4,0.4588101266181108,2026-09-28 13:07:31.734506,2026-09-28 13:07:31.958874,0 days 00:00:00.224368,0.2560856958860048,5,log2,36,80,0.5827682615040224,"[0.486, 0.423, 0.429, 0.528, 0.427]",0.04187454047349139,,COMPLETE,0.4775828966661108
5,0.3191702122843788,2026-09-28 13:07:31.958908,2026-09-28 13:07:32.169657,0 days 00:00:00.210749,0.003514781217692116,3,sqrt,62,110,0.5552679889600102,"[0.238, 0.221, 0.354, 0.411, 0.371]",0.07539468175234762,,COMPLETE,0.4775828966661108
6,0.44002947063133774,2026-09-28 13:07:32.169686,2026-09-28 13:07:33.418367,0 days 00:00:01.248681,0.2607897453341865,1,,30,350,0.9636993649385135,"[0.389, 0.445, 0.373, 0.528, 0.465]",0.055676895473716306,,COMPLETE,0.4775828966661108
7,0.20304189865457065,2026-09-28 13:07:33.418391,2026-09-28 13:07:33.541433,0 days 00:00:00.123042,0.0036946715170998036,1,log2,3,90,0.6332063738136893,"[0.175, 0.21, 0.242, 0.239, 0.15]",0.03593158729876573,,COMPLETE,0.4775828966661108
8,0.41766743097108777,2026-09-28 13:07:33.541457,2026-09-28 13:07:33.898296,0 days 00:00:00.356839,0.005740764146307686,3,sqrt,35,200,0.44473038620786254,"[0.305, 0.45, 0.411, 0.477, 0.446]",0.0601837176950884,,COMPLETE,0.4775828966661108
9,0.4731354498278419,2026-09-28 13:07:33.898322,2026-09-28 13:07:34.086776,0 days 00:00:00.188454,0.07777426981425474,5,log2,24,50,0.8627622080115674,"[0.464, 0.424, 0.43, 0.548, 0.5]",0.04622967513464181,,COMPLETE,0.4775828966661108
10,0.45820814471673027,2026-09-28 13:07:34.086801,2026-09-28 13:07:35.013999,0 days 00:00:00.927198,0.036233302485834874,3,log2,35,430,0.776402258185451,"[0.448, 0.438, 0.412, 0.528, 0.466]",0.03881156468995228,"{""learning_rate"": 0.036233302485834874, ""max_depth"": 3, ""max_features"": ""log2"", ""min_samples_leaf"": 35, ""n_estimators"": 430, ""subsample"": 0.776402258185451}",COMPLETE,0.4775828966661108
11,0.47237450045111995,2026-09-28 13:07:35.014023,2026-09-28 13:07:35.253099,0 days 00:00:00.239076,0.05825945704395333,5,log2,19,60,0.8969761647505261,"[0.436, 0.448, 0.46, 0.534, 0.485]",0.034914685945033164,"{""learning_rate"": 0.05825945704395333, ""max_depth"": 5, ""max_features"": ""log2"", ""min_samples_leaf"": 19, ""n_estimators"": 60, ""subsample"": 0.8969761647505261}",COMPLETE,0.4775828966661108
12,0.44712558391908763,2026-09-28 13:07:35.253126,2026-09-28 13:07:36.174672,0 days 00:00:00.921546,0.13668332518331613,5,log2,49,270,0.9587764402949828,"[0.442, 0.426, 0.4, 0.522, 0.445]",0.040829165210719984,"{""learning_rate"": 0.13668332518331613, ""max_depth"": 5, ""max_features"": ""log2"", ""min_samples_leaf"": 49, ""n_estimators"": 270, ""subsample"": 0.9587764402949828}",COMPLETE,0.4775828966661108
13,0.46283044927265643,2026-09-28 13:07:36.174696,2026-09-28 13:07:37.046728,0 days 00:00:00.872032,0.1122858483220134,4,log2,7,300,0.8067776628210428,"[0.449, 0.458, 0.431, 0.564, 0.412]",0.0528246867897738,"{""learning_rate"": 0.1122858483220134, ""max_depth"": 4, ""max_features"": ""log2"", ""min_samples_leaf"": 7, ""n_estimators"": 300, ""subsample"": 0.8067776628210428}",COMPLETE,0.4775828966661108
14,0.47879576117987127,2026-09-28 13:07:37.046752,2026-09-28 13:07:37.806013,0 days 00:00:00.759261,0.010629862416132186,5,log2,49,260,0.7958407537798344,"[0.446, 0.493, 0.459, 0.526, 0.471]",0.028082588449758555,"{""learning_rate"": 0.010629862416132186, ""max_depth"": 5, ""max_features"": ""log2"", ""min_samples_leaf"": 49, ""n_estimators"": 260, ""subsample"": 0.7958407537798344}",COMPLETE,0.47879576117987127
15,0.48573318200210747,2026-09-28 13:07:37.806038,2026-09-28 13:07:38.423813,0 days 00:00:00.617775,0.012531238143644534,4,log2,15,220,0.7282138721067766,"[0.476, 0.467, 0.443, 0.559, 0.484]",0.03884370453225658,"{""learning_rate"": 0.012531238143644534, ""max_depth"": 4, ""max_features"": ""log2"", ""min_samples_leaf"": 15, ""n_estimators"": 220, ""subsample"": 0.7282138721067766}",COMPLETE,0.48573318200210747
16,0.4359146709235315,2026-09-28 13:07:38.423837,2026-09-28 13:07:39.029045,0 days 00:00:00.605208,0.007559463338347881,4,log2,73,220,0.895962984729267,"[0.326, 0.463, 0.422, 0.506, 0.463]",0.06084352880838597,"{""learning_rate"": 0.007559463338347881, ""max_depth"": 4, ""max_features"": ""log2"", ""min_samples_leaf"": 73, ""n_estimators"": 220, ""subsample"": 0.895962984729267}",COMPLETE,0.48573318200210747
17,0.4845499795970361,2026-09-28 13:07:39.029071,2026-09-28 13:07:39.628080,0 days 00:00:00.599009,0.028083929234045454,4,log2,23,250,0.5742411284152826,"[0.463, 0.472, 0.467, 0.544, 0.476]",0.03016743996085898,"{""learning_rate"": 0.028083929234045454, ""max_depth"": 4, ""max_features"": ""log2"", ""min_samples_leaf"": 23, ""n_estimators"": 250, ""subsample"": 0.5742411284152826}",COMPLETE,0.48573318200210747
18,0.4707186008628363,2026-09-28 13:07:39.628105,2026-09-28 13:07:40.630656,0 days 00:00:01.002551,0.02642369608285265,5,log2,23,360,0.5916261330837599,"[0.436, 0.472, 0.44, 0.531, 0.476]",0.03417281179631428,"{""learning_rate"": 0.02642369608285265, ""max_depth"": 5, ""max_features"": ""log2"", ""min_samples_leaf"": 23, ""n_estimators"": 360, ""subsample"": 0.5916261330837599}",COMPLETE,0.48573318200210747
19,0.4842689549566669,2026-09-28 13:07:40.630680,2026-09-28 13:07:41.031702,0 days 00:00:00.401022,0.03223509515975816,3,log2,21,200,0.5326103466751385,"[0.495, 0.467, 0.458, 0.528, 0.473]",0.025291388003447778,"{""learning_rate"": 0.03223509515975816, ""max_depth"": 3, ""max_features"": ""log2"", ""min_samples_leaf"": 21, ""n_estimators"": 200, ""subsample"": 0.5326103466751385}",COMPLETE,0.48573318200210747
20,0.4602163637586396,2026-09-28 13:07:41.031727,2026-09-28 13:07:41.177387,0 days 00:00:00.145660,0.028261401516425647,3,log2,14,60,0.6630565774433972,"[0.439, 0.448, 0.445, 0.497, 0.471]",0.021432960503730274,"{""learning_rate"": 0.028261401516425647, ""max_depth"": 3, ""max_features"": ""log2"", ""min_samples_leaf"": 14, ""n_estimators"": 60, ""subsample"": 0.6630565774433972}",COMPLETE,0.48573318200210747
21,0.4914251876752885,2026-09-28 13:07:41.177414,2026-09-28 13:07:41.624565,0 days 00:00:00.447151,0.022575807439962042,3,log2,11,230,0.5073322627317353,"[0.511, 0.469, 0.458, 0.54, 0.478]",0.030322145180354382,"{""learning_rate"": 0.022575807439962042, ""max_depth"": 3, ""max_features"": ""log2"", ""min_samples_leaf"": 11, ""n_estimators"": 230, ""subsample"": 0.5073322627317353}",COMPLETE,0.4914251876752885
22,0.4876705228100137,2026-09-28 13:07:41.624590,2026-09-28 13:07:42.222841,0 days 00:00:00.598251,0.013357197868005408,4,log2,45,250,0.6621561540482572,"[0.454, 0.47, 0.474, 0.532, 0.509]",0.028429217003723112,"{""learning_rate"": 0.013357197868005408, ""max_depth"": 4, ""max_features"": ""log2"", ""min_samples_leaf"": 45, ""n_estimators"": 250, ""subsample"": 0.6621561540482572}",COMPLETE,0.4914251876752885
23,0.4748302645128947,2026-09-28 13:07:42.222867,2026-09-28 13:07:42.735377,0 days 00:00:00.512510,0.032983251827143865,3,log2,8,270,0.44550988773841305,"[0.514, 0.452, 0.446, 0.535, 0.428]",0.04177124518523909,"{""learning_rate"": 0.032983251827143865, ""max_depth"": 3, ""max_features"": ""log2"", ""min_samples_leaf"": 8, ""n_estimators"": 270, ""subsample"": 0.44550988773841305}",COMPLETE,0.4914251876752885
24,0.48469305536945273,2026-09-28 13:07:42.735401,2026-09-28 13:07:43.316446,0 days 00:00:00.581045,0.02627718500071141,3,log2,16,260,0.7397304120601299,"[0.497, 0.449, 0.45, 0.561, 0.467]",0.041976845387065614,"{""learning_rate"": 0.02627718500071141, ""max_depth"": 3, ""max_features"": ""log2"", ""min_samples_leaf"": 16, ""n_estimators"": 260, ""subsample"": 0.7397304120601299}",COMPLETE,0.4914251876752885
25,0.47193910476781775,2026-09-28 13:07:43.316470,2026-09-28 13:07:43.921079,0 days 00:00:00.604609,0.030390155079691877,3,log2,50,300,0.6364754396700718,"[0.425, 0.456, 0.463, 0.539, 0.476]",0.0374350528735181,"{""learning_rate"": 0.030390155079691877, ""max_depth"": 3, ""max_features"": ""log2"", ""min_samples_leaf"": 50, ""n_estimators"": 300, ""subsample"": 0.6364754396700718}",COMPLETE,0.4914251876752885
26,0.48268681313433015,2026-09-28 13:07:43.921109,2026-09-28 13:07:44.335864,0 days 00:00:00.414755,0.01997183917403861,4,log2,6,150,0.6474204098169802,"[0.507, 0.453, 0.465, 0.532, 0.456]",0.031371765252777586,"{""learning_rate"": 0.01997183917403861, ""max_depth"": 4, ""max_features"": ""log2"", ""min_samples_leaf"": 6, ""n_estimators"": 150, ""subsample"": 0.6474204098169802}",COMPLETE,0.4914251876752885
27,0.47914975499828855,2026-09-28 13:07:44.335892,2026-09-28 13:07:45.447712,0 days 00:00:01.111820,0.014106870316639956,5,log2,25,340,0.7796194094476779,"[0.481, 0.449, 0.448, 0.538, 0.48]",0.03260183707870588,"{""learning_rate"": 0.014106870316639956, ""max_depth"": 5, ""max_features"": ""log2"", ""min_samples_leaf"": 25, ""n_estimators"": 340, ""subsample"": 0.7796194094476779}",COMPLETE,0.4914251876752885
28,0.4783838009405936,2026-09-28 13:07:45.447743,2026-09-28 13:07:46.025525,0 days 00:00:00.577782,0.016126842370038613,4,log2,28,210,0.7313609810135029,"[0.46, 0.457, 0.447, 0.522, 0.506]",0.029938283985599286,"{""learning_rate"": 0.016126842370038613, ""max_depth"": 4, ""max_features"": ""log2"", ""min_samples_leaf"": 28, ""n_estimators"": 210, ""subsample"": 0.7313609810135029}",COMPLETE,0.4914251876752885
29,0.4855447380817212,2026-09-28 13:07:46.025550,2026-09-28 13:07:46.723972,0 days 00:00:00.698422,0.022362884099416995,4,log2,74,300,0.7261206339075844,"[0.453, 0.452, 0.476, 0.547, 0.499]",0.03523514391818299,"{""learning_rate"": 0.022362884099416995, ""max_depth"": 4, ""max_features"": ""log2"", ""min_samples_leaf"": 74, ""n_estimators"": 300, ""subsample"": 0.7261206339075844}",COMPLETE,0.4914251876752885
30,0.4743055665523722,2026-09-28 13:07:46.723998,2026-09-28 13:07:47.352879,0 days 00:00:00.628881,0.010422964081177839,4,log2,12,280,0.46710780463024826,"[0.468, 0.445, 0.444, 0.541, 0.474]",0.035285649710399575,"{""learning_rate"": 0.010422964081177839, ""max_depth"": 4, ""max_features"": ""log2"", ""min_samples_leaf"": 12, ""n_estimators"": 280, ""subsample"": 0.46710780463024826}",COMPLETE,0.4914251876752885
31,0.475056091911643,2026-09-28 13:07:47.352909,2026-09-28 13:07:47.845204,0 days 00:00:00.492295,0.009499308772157778,3,log2,37,240,0.6145231220557876,"[0.433, 0.464, 0.471, 0.522, 0.486]",0.028891784423684664,"{""learning_rate"": 0.009499308772157778, ""max_depth"": 3, ""max_features"": ""log2"", ""min_samples_leaf"": 37, ""n_estimators"": 240, ""subsample"": 0.6145231220557876}",COMPLETE,0.4914251876752885
32,0.47936569984125865,2026-09-28 13:07:47.845228,2026-09-28 13:07:48.520395,0 days 00:00:00.675167,0.014126637830353662,4,log2,77,290,0.7050869111302142,"[0.428, 0.467, 0.468, 0.542, 0.492]",0.037475646314427,"{""learning_rate"": 0.014126637830353662, ""max_depth"": 4, ""max_features"": ""log2"", ""min_samples_leaf"": 77, ""n_estimators"": 290, ""subsample"": 0.7050869111302142}",COMPLETE,0.4914251876752885
33,0.48217549359246126,2026-09-28 13:07:48.520420,2026-09-28 13:07:49.467689,0 days 00:00:00.947269,0.009639599253159483,5,log2,32,330,0.6416030209593127,"[0.469, 0.466, 0.454, 0.531, 0.49]",0.027196415906200633,"{""learning_rate"": 0.009639599253159483, ""max_depth"": 5, ""max_features"": ""log2"", ""min_samples_leaf"": 32, ""n_estimators"": 330, ""subsample"": 0.6416030209593127}",COMPLETE,0.4914251876752885
34,0.4819583992123083,2026-09-28 13:07:49.467719,2026-09-28 13:07:50.395939,0 days 00:00:00.928220,0.021937898126945563,4,log2,46,260,0.5118764389765433,"[0.466, 0.453, 0.473, 0.537, 0.481]",0.028963454897014282,"{""learning_rate"": 0.021937898126945563, ""max_depth"": 4, ""max_features"": ""log2"", ""min_samples_leaf"": 46, ""n_estimators"": 260, ""subsample"": 0.5118764389765433}",COMPLETE,0.4914251876752885
35,0.48165021570830735,2026-09-28 13:07:50.395974,2026-09-28 13:07:51.041574,0 days 00:00:00.645600,0.030031164204336446,4,log2,96,270,0.7972241227676201,"[0.452, 0.469, 0.46, 0.533, 0.494]",0.029309824428691667,"{""learning_rate"": 0.030031164204336446, ""max_depth"": 4, ""max_features"": ""log2"", ""min_samples_leaf"": 96, ""n_estimators"": 270, ""subsample"": 0.7972241227676201}",COMPLETE,0.4914251876752885
36,0.4757013935605596,2026-09-28 13:07:51.041599,2026-09-28 13:07:51.984062,0 days 00:00:00.942463,0.02322158321976812,4,log2,28,370,0.6774251069828091,"[0.442, 0.459, 0.458, 0.542, 0.478]",0.035070669142691614,"{""learning_rate"": 0.02322158321976812, ""max_depth"": 4, ""max_features"": ""log2"", ""min_samples_leaf"": 28, ""n_estimators"": 370, ""subsample"": 0.6774251069828091}",COMPLETE,0.4914251876752885
37,0.486535596055362,2026-09-28 13:07:51.984086,2026-09-28 13:07:52.899425,0 days 00:00:00.915339,0.012861502916689799,5,log2,69,350,0.7309364295789306,"[0.467, 0.475, 0.471, 0.523, 0.496]",0.020988929590284876,"{""learning_rate"": 0.012861502916689799, ""max_depth"": 5, ""max_features"": ""log2"", ""min_samples_leaf"": 69, ""n_estimators"": 350, ""subsample"": 0.7309364295789306}",COMPLETE,0.4914251876752885
38,0.45892131742204195,2026-09-28 13:07:52.899450,2026-09-28 13:07:53.267535,0 days 00:00:00.368085,0.013508839569451323,4,log2,27,120,0.7190742400612559,"[0.447, 0.453, 0.414, 0.512, 0.469]",0.03176958634952753,"{""learning_rate"": 0.013508839569451323, ""max_depth"": 4, ""max_features"": ""log2"", ""min_samples_leaf"": 27, ""n_estimators"": 120, ""subsample"": 0.7190742400612559}",COMPLETE,0.4914251876752885
39,0.48002353990846025,2026-09-28 13:07:53.267560,2026-09-28 13:07:54.230098,0 days 00:00:00.962538,0.009785901307625815,5,log2,67,360,0.7602190267752014,"[0.429, 0.48, 0.459, 0.54, 0.492]",0.036822600877139344,"{""learning_rate"": 0.009785901307625815, ""max_depth"": 5, ""max_features"": ""log2"", ""min_samples_leaf"": 67, ""n_estimators"": 360, ""subsample"": 0.7602190267752014}",COMPLETE,0.4914251876752885
40,0.38474724065185223,2026-09-28 13:07:54.230122,2026-09-28 13:07:54.986597,0 days 00:00:00.756475,0.0043782273431133886,5,log2,90,340,0.6957328584002227,"[0.127, 0.431, 0.425, 0.495, 0.446]",0.1314085788659415,"{""learning_rate"": 0.0043782273431133886, ""max_depth"": 5, ""max_features"": ""log2"", ""min_samples_leaf"": 90, ""n_estimators"": 340, ""subsample"": 0.6957328584002227}",COMPLETE,0.4914251876752885
41,0.47775740938427036,2026-09-28 13:07:54.986623,2026-09-28 13:07:55.448822,0 days 00:00:00.462199,0.024528792056035805,3,log2,12,230,0.5672130327194739,"[0.467, 0.454, 0.453, 0.549, 0.466]",0.035948100436656506,"{""learning_rate"": 0.024528792056035805, ""max_depth"": 3, ""max_features"": ""log2"", ""min_samples_leaf"": 12, ""n_estimators"": 230, ""subsample"": 0.5672130327194739}",COMPLETE,0.4914251876752885
42,0.4772962824371823,2026-09-28 13:07:55.448851,2026-09-28 13:07:56.058053,0 days 00:00:00.609202,0.03026437967206163,4,log2,79,260,0.7120385030289391,"[0.449, 0.46, 0.46, 0.533, 0.485]",0.030179013388936637,"{""learning_rate"": 0.03026437967206163, ""max_depth"": 4, ""max_features"": ""log2"", ""min_samples_leaf"": 79, ""n_estimators"": 260, ""subsample"": 0.7120385030289391}",COMPLETE,0.4914251876752885
43,0.45666495202999186,2026-09-28 13:07:56.058078,2026-09-28 13:07:56.753809,0 days 00:00:00.695731,0.011435049370054816,3,log2,78,350,0.6486935475762023,"[0.353, 0.47, 0.458, 0.524, 0.478]",0.05638268623414538,"{""learning_rate"": 0.011435049370054816, ""max_depth"": 3, ""max_features"": ""log2"", ""min_samples_leaf"": 78, ""n_estimators"": 350, ""subsample"": 0.6486935475762023}",COMPLETE,0.4914251876752885
44,0.4644701305458526,2026-09-28 13:07:56.753834,2026-09-28 13:07:57.361852,0 days 00:00:00.608018,0.01622823996751686,5,log2,91,240,0.7838822468924002,"[0.385, 0.48, 0.441, 0.518, 0.498]",0.047139826040475535,"{""learning_rate"": 0.01622823996751686, ""max_depth"": 5, ""max_features"": ""log2"", ""min_samples_leaf"": 91, ""n_estimators"": 240, ""subsample"": 0.7838822468924002}",COMPLETE,0.4914251876752885
45,0.4491964027229896,2026-09-28 13:07:57.361889,2026-09-28 13:07:57.830243,0 days 00:00:00.468354,0.008694790352528447,4,log2,44,170,0.7533974254298831,"[0.365, 0.465, 0.43, 0.522, 0.464]",0.0515802934739387,"{""learning_rate"": 0.008694790352528447, ""max_depth"": 4, ""max_features"": ""log2"", ""min_samples_leaf"": 44, ""n_estimators"": 170, ""subsample"": 0.7533974254298831}",COMPLETE,0.4914251876752885
46,0.48156333094432535,2026-09-28 13:07:57.830269,2026-09-28 13:07:58.719953,0 days 00:00:00.889684,0.01982783290806241,5,log2,87,330,0.8142703964847176,"[0.439, 0.459, 0.485, 0.545, 0.48]",0.03559094960361879,"{""learning_rate"": 0.01982783290806241, ""max_depth"": 5, ""max_features"": ""log2"", ""min_samples_leaf"": 87, ""n_estimators"": 330, ""subsample"": 0.8142703964847176}",COMPLETE,0.4914251876752885
47,0.48217511596355267,2026-09-28 13:07:58.719977,2026-09-28 13:07:59.703092,0 days 00:00:00.983115,0.01637100069595613,4,log2,57,380,0.7486090542059815,"[0.413, 0.465, 0.484, 0.541, 0.507]",0.042600914287764954,"{""learning_rate"": 0.01637100069595613, ""max_depth"": 4, ""max_features"": ""log2"", ""min_samples_leaf"": 57, ""n_estimators"": 380, ""subsample"": 0.7486090542059815}",COMPLETE,0.4914251876752885
48,0.4831564416083921,2026-09-28 13:07:59.703118,2026-09-28 13:08:01.191449,0 days 00:00:01.488331,0.008743085214585158,5,log2,46,430,0.7683516388664744,"[0.461, 0.474, 0.462, 0.528, 0.491]",0.024912002195409393,"{""learning_rate"": 0.008743085214585158, ""max_depth"": 5, ""max_features"": ""log2"", ""min_samples_leaf"": 46, ""n_estimators"": 430, ""subsample"": 0.7683516388664744}",COMPLETE,0.4914251876752885
49,0.4828358675586727,2026-09-28 13:08:01.191508,2026-09-28 13:08:02.183383,0 days 00:00:00.991875,0.013900691684110799,5,log2,77,400,0.6837510868960385,"[0.46, 0.469, 0.46, 0.538, 0.486]",0.02903705805348161,"{""learning_rate"": 0.013900691684110799, ""max_depth"": 5, ""max_features"": ""log2"", ""min_samples_leaf"": 77, ""n_estimators"": 400, ""subsample"": 0.6837510868960385}",COMPLETE,0.4914251876752885
50,0.48491381657861093,2026-09-28 13:08:02.183407,2026-09-28 13:08:02.898568,0 days 00:00:00.715161,0.016340110847901976,4,log2,23,260,0.6724103551896923,"[0.479, 0.449, 0.461, 0.539, 0.497]",0.031459517431391096,"{""learning_rate"": 0.016340110847901976, ""max_depth"": 4, ""max_features"": ""log2"", ""min_samples_leaf"": 23, ""n_estimators"": 260, ""subsample"": 0.6724103551896923}",COMPLETE,0.4914251876752885
51,0.48110265310283706,2026-09-28 13:08:02.898600,2026-09-28 13:08:03.620404,0 days 00:00:00.721804,0.022300641620541285,5,log2,51,250,0.7158760290536474,"[0.403, 0.472, 0.492, 0.553, 0.486]",0.04814432399097721,"{""learning_rate"": 0.022300641620541285, ""max_depth"": 5, ""max_features"": ""log2"", ""min_samples_leaf"": 51, ""n_estimators"": 250, ""subsample"": 0.7158760290536474}",COMPLETE,0.4914251876752885
52,0.47240738758752443,2026-09-28 13:08:03.620427,2026-09-28 13:08:04.741427,0 days 00:00:01.121000,0.01804849877479069,5,log2,42,400,0.680991577165941,"[0.433, 0.456, 0.474, 0.526, 0.473]",0.03041315490640863,"{""learning_rate"": 0.01804849877479069, ""max_depth"": 5, ""max_features"": ""log2"", ""min_samples_leaf"": 42, ""n_estimators"": 400, ""subsample"": 0.680991577165941}",COMPLETE,0.4914251876752885
53,0.48234821169586767,2026-09-28 13:08:04.741455,2026-09-28 13:08:05.317159,0 days 00:00:00.575704,0.012460571812701608,4,log2,13,200,0.7137907098732311,"[0.479, 0.463, 0.456, 0.546, 0.467]",0.03274255060658226,"{""learning_rate"": 0.012460571812701608, ""max_depth"": 4, ""max_features"": ""log2"", ""min_samples_leaf"": 13, ""n_estimators"": 200, ""subsample"": 0.7137907098732311}",COMPLETE,0.4914251876752885
54,0.4843721571677147,2026-09-28 13:08:05.317183,2026-09-28 13:08:06.172258,0 days 00:00:00.855075,0.015572124838245128,4,log2,13,280,0.7079732853456949,"[0.476, 0.448, 0.467, 0.555, 0.477]",0.036616722612181005,"{""learning_rate"": 0.015572124838245128, ""max_depth"": 4, ""max_features"": ""log2"", ""min_samples_leaf"": 13, ""n_estimators"": 280, ""subsample"": 0.7079732853456949}",COMPLETE,0.4914251876752885
55,0.4825044562211634,2026-09-28 13:08:06.172283,2026-09-28 13:08:06.773522,0 days 00:00:00.601239,0.012516186738422556,4,log2,18,220,0.6187541825553444,"[0.475, 0.474, 0.448, 0.517, 0.499]",0.023526248463435904,"{""learning_rate"": 0.012516186738422556, ""max_depth"": 4, ""max_features"": ""log2"", ""min_samples_leaf"": 18, ""n_estimators"": 220, ""subsample"": 0.6187541825553444}",COMPLETE,0.4914251876752885
