number,value,datetime_start,datetime_complete,duration,params_learning_rate,params_max_depth,params_max_features,params_min_samples_leaf,params_n_estimators,params_subsample,user_attrs_folds,user_attrs_std,system_attrs_tpe:relative_params:0,state,best_so_far
108,0.4926020615321372,2026-09-28 13:08:44.644966,2026-09-28 13:08:45.418341,0 days 00:00:00.773375,0.015380746534785264,4,log2,64,310,0.7342935873944944,"[0.465, 0.484, 0.489, 0.528, 0.497]",0.020669057539468173,"{""learning_rate"": 0.015380746534785264, ""max_depth"": 4, ""max_features"": ""log2"", ""min_samples_leaf"": 64, ""n_estimators"": 310, ""subsample"": 0.7342935873944944}",COMPLETE,0.498447370260864
109,0.4831567318873458,2026-09-28 13:08:45.418368,2026-09-28 13:08:46.300171,0 days 00:00:00.881803,0.032448257320014696,4,log2,66,350,0.7328470782501861,"[0.463, 0.449, 0.465, 0.541, 0.498]",0.0330078309457553,"{""learning_rate"": 0.032448257320014696, ""max_depth"": 4, ""max_features"": ""log2"", ""min_samples_leaf"": 66, ""n_estimators"": 350, ""subsample"": 0.7328470782501861}",COMPLETE,0.498447370260864
110,0.4836871368430954,2026-09-28 13:08:46.300195,2026-09-28 13:08:47.107931,0 days 00:00:00.807736,0.01613177224309624,4,log2,56,300,0.7221458646061942,"[0.447, 0.475, 0.47, 0.53, 0.496]",0.02800935015392202,"{""learning_rate"": 0.01613177224309624, ""max_depth"": 4, ""max_features"": ""log2"", ""min_samples_leaf"": 56, ""n_estimators"": 300, ""subsample"": 0.7221458646061942}",COMPLETE,0.498447370260864
111,0.41029217570638216,2026-09-28 13:08:47.107958,2026-09-28 13:08:47.840337,0 days 00:00:00.732379,0.02392937680857196,4,log2,93,320,0.6918391389653062,"[0.127, 0.477, 0.447, 0.527, 0.473]",0.1442137684548299,"{""learning_rate"": 0.02392937680857196, ""max_depth"": 4, ""max_features"": ""log2"", ""min_samples_leaf"": 93, ""n_estimators"": 320, ""subsample"": 0.6918391389653062}",COMPLETE,0.498447370260864
112,0.487333404591434,2026-09-28 13:08:47.840362,2026-09-28 13:08:48.696292,0 days 00:00:00.855930,0.01633450530323191,4,log2,79,330,0.7758869085951525,"[0.471, 0.457, 0.469, 0.542, 0.498]",0.03044614828402943,"{""learning_rate"": 0.01633450530323191, ""max_depth"": 4, ""max_features"": ""log2"", ""min_samples_leaf"": 79, ""n_estimators"": 330, ""subsample"": 0.7758869085951525}",COMPLETE,0.498447370260864
113,0.4633593596900371,2026-09-28 13:08:48.696318,2026-09-28 13:08:49.326723,0 days 00:00:00.630405,0.034535100774879514,4,log2,49,230,0.6974327729178513,"[0.408, 0.458, 0.439, 0.534, 0.478]",0.042259781649823615,"{""learning_rate"": 0.034535100774879514, ""max_depth"": 4, ""max_features"": ""log2"", ""min_samples_leaf"": 49, ""n_estimators"": 230, ""subsample"": 0.6974327729178513}",COMPLETE,0.498447370260864
114,0.4802951214855352,2026-09-28 13:08:49.326749,2026-09-28 13:08:49.975684,0 days 00:00:00.648935,0.02298115027364953,4,log2,79,260,0.7540567063335933,"[0.463, 0.446, 0.469, 0.533, 0.491]",0.0299271993846293,"{""learning_rate"": 0.02298115027364953, ""max_depth"": 4, ""max_features"": ""log2"", ""min_samples_leaf"": 79, ""n_estimators"": 260, ""subsample"": 0.7540567063335933}",COMPLETE,0.498447370260864
115,0.46773057936594054,2026-09-28 13:08:49.975709,2026-09-28 13:08:50.585001,0 days 00:00:00.609292,0.013664146500412583,4,log2,56,230,0.6993411425239975,"[0.426, 0.46, 0.459, 0.527, 0.468]",0.03268912528724004,"{""learning_rate"": 0.013664146500412583, ""max_depth"": 4, ""max_features"": ""log2"", ""min_samples_leaf"": 56, ""n_estimators"": 230, ""subsample"": 0.6993411425239975}",COMPLETE,0.498447370260864
116,0.48095860464955653,2026-09-28 13:08:50.585025,2026-09-28 13:08:51.305430,0 days 00:00:00.720405,0.018041617662762816,4,log2,81,280,0.7843118676484591,"[0.462, 0.456, 0.469, 0.529, 0.489]",0.026658420850444658,"{""learning_rate"": 0.018041617662762816, ""max_depth"": 4, ""max_features"": ""log2"", ""min_samples_leaf"": 81, ""n_estimators"": 280, ""subsample"": 0.7843118676484591}",COMPLETE,0.498447370260864
117,0.47614451829647,2026-09-28 13:08:51.305457,2026-09-28 13:08:52.171236,0 days 00:00:00.865779,0.017554738895588392,4,log2,61,320,0.7878032753485447,"[0.413, 0.479, 0.475, 0.537, 0.478]",0.03931502239875074,"{""learning_rate"": 0.017554738895588392, ""max_depth"": 4, ""max_features"": ""log2"", ""min_samples_leaf"": 61, ""n_estimators"": 320, ""subsample"": 0.7878032753485447}",COMPLETE,0.498447370260864
118,0.4941918090631817,2026-09-28 13:08:52.171260,2026-09-28 13:08:52.998748,0 days 00:00:00.827488,0.027997908818828597,4,log2,74,320,0.7533596362948453,"[0.468, 0.478, 0.478, 0.561, 0.486]",0.03398122313778224,"{""learning_rate"": 0.027997908818828597, ""max_depth"": 4, ""max_features"": ""log2"", ""min_samples_leaf"": 74, ""n_estimators"": 320, ""subsample"": 0.7533596362948453}",COMPLETE,0.498447370260864
119,0.49187093489084477,2026-09-28 13:08:52.998775,2026-09-28 13:08:53.761358,0 days 00:00:00.762583,0.020978725765102037,4,log2,52,290,0.6956849060107086,"[0.447, 0.477, 0.495, 0.551, 0.49]",0.03398324446472662,"{""learning_rate"": 0.020978725765102037, ""max_depth"": 4, ""max_features"": ""log2"", ""min_samples_leaf"": 52, ""n_estimators"": 290, ""subsample"": 0.6956849060107086}",COMPLETE,0.498447370260864
120,0.4938695270581852,2026-09-28 13:08:53.761383,2026-09-28 13:08:54.586659,0 days 00:00:00.825276,0.017985384523931742,4,log2,66,330,0.7127258828342928,"[0.483, 0.47, 0.487, 0.541, 0.487]",0.024584647032443955,"{""learning_rate"": 0.017985384523931742, ""max_depth"": 4, ""max_features"": ""log2"", ""min_samples_leaf"": 66, ""n_estimators"": 330, ""subsample"": 0.7127258828342928}",COMPLETE,0.498447370260864
121,0.4747006633194209,2026-09-28 13:08:54.586685,2026-09-28 13:08:55.429793,0 days 00:00:00.843108,0.022925408946550787,4,log2,61,320,0.783442890954505,"[0.429, 0.456, 0.468, 0.542, 0.479]",0.03762191393349733,"{""learning_rate"": 0.022925408946550787, ""max_depth"": 4, ""max_features"": ""log2"", ""min_samples_leaf"": 61, ""n_estimators"": 320, ""subsample"": 0.783442890954505}",COMPLETE,0.498447370260864
122,0.4834205908304868,2026-09-28 13:08:55.429817,2026-09-28 13:08:56.231966,0 days 00:00:00.802149,0.0401436543515838,4,log2,51,300,0.7243474985804774,"[0.446, 0.436, 0.471, 0.55, 0.514]",0.042800500604760545,"{""learning_rate"": 0.0401436543515838, ""max_depth"": 4, ""max_features"": ""log2"", ""min_samples_leaf"": 51, ""n_estimators"": 300, ""subsample"": 0.7243474985804774}",COMPLETE,0.498447370260864
123,0.48931754103648506,2026-09-28 13:08:56.231991,2026-09-28 13:08:57.176354,0 days 00:00:00.944363,0.027647746665776494,4,log2,73,370,0.7556454943371217,"[0.469, 0.461, 0.482, 0.54, 0.495]",0.027851389041105703,"{""learning_rate"": 0.027647746665776494, ""max_depth"": 4, ""max_features"": ""log2"", ""min_samples_leaf"": 73, ""n_estimators"": 370, ""subsample"": 0.7556454943371217}",COMPLETE,0.498447370260864
124,0.40582901264096316,2026-09-28 13:08:57.176384,2026-09-28 13:08:57.928442,0 days 00:00:00.752058,0.01704693940135872,4,log2,100,330,0.7053489621445892,"[0.127, 0.478, 0.433, 0.522, 0.471]",0.1424821796147845,"{""learning_rate"": 0.01704693940135872, ""max_depth"": 4, ""max_features"": ""log2"", ""min_samples_leaf"": 100, ""n_estimators"": 330, ""subsample"": 0.7053489621445892}",COMPLETE,0.498447370260864
125,0.4877661182654336,2026-09-28 13:08:57.928467,2026-09-28 13:08:58.701324,0 days 00:00:00.772857,0.016848095156083383,4,log2,60,310,0.6834772657804645,"[0.461, 0.465, 0.487, 0.547, 0.479]",0.031119913095535683,"{""learning_rate"": 0.016848095156083383, ""max_depth"": 4, ""max_features"": ""log2"", ""min_samples_leaf"": 60, ""n_estimators"": 310, ""subsample"": 0.6834772657804645}",COMPLETE,0.498447370260864
126,0.48227209418626626,2026-09-28 13:08:58.701349,2026-09-28 13:08:59.463899,0 days 00:00:00.762550,0.030322543334057237,4,log2,80,320,0.6798015151092643,"[0.441, 0.467, 0.461, 0.542, 0.499]",0.03540876023509139,"{""learning_rate"": 0.030322543334057237, ""max_depth"": 4, ""max_features"": ""log2"", ""min_samples_leaf"": 80, ""n_estimators"": 320, ""subsample"": 0.6798015151092643}",COMPLETE,0.498447370260864
127,0.4853878405922945,2026-09-28 13:08:59.463923,2026-09-28 13:09:00.299768,0 days 00:00:00.835845,0.028858985521535756,4,log2,82,320,0.7836423981587444,"[0.452, 0.447, 0.479, 0.556, 0.492]",0.03913732876610248,"{""learning_rate"": 0.028858985521535756, ""max_depth"": 4, ""max_features"": ""log2"", ""min_samples_leaf"": 82, ""n_estimators"": 320, ""subsample"": 0.7836423981587444}",COMPLETE,0.498447370260864
128,0.47836352540879884,2026-09-28 13:09:00.299797,2026-09-28 13:09:01.190680,0 days 00:00:00.890883,0.01493901152029281,4,log2,79,370,0.7052468219919503,"[0.427, 0.469, 0.467, 0.528, 0.5]",0.034080495086733054,"{""learning_rate"": 0.01493901152029281, ""max_depth"": 4, ""max_features"": ""log2"", ""min_samples_leaf"": 79, ""n_estimators"": 370, ""subsample"": 0.7052468219919503}",COMPLETE,0.498447370260864
129,0.4894051190756012,2026-09-28 13:09:01.190705,2026-09-28 13:09:02.144356,0 days 00:00:00.953651,0.02331262924764764,4,log2,80,380,0.7371257022594446,"[0.445, 0.459, 0.48, 0.56, 0.502]",0.040301641614249414,"{""learning_rate"": 0.02331262924764764, ""max_depth"": 4, ""max_features"": ""log2"", ""min_samples_leaf"": 80, ""n_estimators"": 380, ""subsample"": 0.7371257022594446}",COMPLETE,0.498447370260864
130,0.4849707444286359,2026-09-28 13:09:02.144387,2026-09-28 13:09:03.170398,0 days 00:00:01.026011,0.026274754870811497,4,log2,76,400,0.7480965911653159,"[0.449, 0.455, 0.467, 0.561, 0.492]",0.04089817255971164,"{""learning_rate"": 0.026274754870811497, ""max_depth"": 4, ""max_features"": ""log2"", ""min_samples_leaf"": 76, ""n_estimators"": 400, ""subsample"": 0.7480965911653159}",COMPLETE,0.498447370260864
131,0.4218704791416622,2026-09-28 13:09:03.170445,2026-09-28 13:09:04.080919,0 days 00:00:00.910474,0.02367832060788877,4,log2,92,380,0.7241628584940517,"[0.127, 0.482, 0.459, 0.547, 0.495]",0.15052206590301206,"{""learning_rate"": 0.02367832060788877, ""max_depth"": 4, ""max_features"": ""log2"", ""min_samples_leaf"": 92, ""n_estimators"": 380, ""subsample"": 0.7241628584940517}",COMPLETE,0.498447370260864
132,0.4248411323159801,2026-09-28 13:09:04.080952,2026-09-28 13:09:04.973426,0 days 00:00:00.892474,0.0262109512448258,4,log2,97,370,0.7648450203321174,"[0.127, 0.474, 0.473, 0.543, 0.508]",0.15134154484098108,"{""learning_rate"": 0.0262109512448258, ""max_depth"": 4, ""max_features"": ""log2"", ""min_samples_leaf"": 97, ""n_estimators"": 370, ""subsample"": 0.7648450203321174}",COMPLETE,0.498447370260864
133,0.4863666138857665,2026-09-28 13:09:04.973451,2026-09-28 13:09:05.773007,0 days 00:00:00.799556,0.022384128067068087,4,log2,78,310,0.7657740939376905,"[0.47, 0.453, 0.469, 0.541, 0.5]",0.03119579229500841,"{""learning_rate"": 0.022384128067068087, ""max_depth"": 4, ""max_features"": ""log2"", ""min_samples_leaf"": 78, ""n_estimators"": 310, ""subsample"": 0.7657740939376905}",COMPLETE,0.498447370260864
134,0.48113941281873024,2026-09-28 13:09:05.773045,2026-09-28 13:09:06.759999,0 days 00:00:00.986954,0.029212734974073604,4,log2,62,340,0.8123214224430173,"[0.435, 0.462, 0.488, 0.534, 0.487]",0.033030164998839616,"{""learning_rate"": 0.029212734974073604, ""max_depth"": 4, ""max_features"": ""log2"", ""min_samples_leaf"": 62, ""n_estimators"": 340, ""subsample"": 0.8123214224430173}",COMPLETE,0.498447370260864
135,0.4802358297215189,2026-09-28 13:09:06.760023,2026-09-28 13:09:07.710303,0 days 00:00:00.950280,0.030082444707463664,4,log2,76,390,0.6966495308902938,"[0.428, 0.476, 0.482, 0.531, 0.485]",0.032770638369027875,"{""learning_rate"": 0.030082444707463664, ""max_depth"": 4, ""max_features"": ""log2"", ""min_samples_leaf"": 76, ""n_estimators"": 390, ""subsample"": 0.6966495308902938}",COMPLETE,0.498447370260864
136,0.48045829678938945,2026-09-28 13:09:07.710336,2026-09-28 13:09:08.450683,0 days 00:00:00.740347,0.02854848069520433,4,log2,72,290,0.7448308201070797,"[0.46, 0.455, 0.47, 0.536, 0.482]",0.029210675382839637,"{""learning_rate"": 0.02854848069520433, ""max_depth"": 4, ""max_features"": ""log2"", ""min_samples_leaf"": 72, ""n_estimators"": 290, ""subsample"": 0.7448308201070797}",COMPLETE,0.498447370260864
137,0.4806480638443643,2026-09-28 13:09:08.450708,2026-09-28 13:09:09.291958,0 days 00:00:00.841250,0.015353673389664247,4,log2,43,310,0.6944139828793813,"[0.431, 0.448, 0.487, 0.536, 0.501]",0.03777115437631848,"{""learning_rate"": 0.015353673389664247, ""max_depth"": 4, ""max_features"": ""log2"", ""min_samples_leaf"": 43, ""n_estimators"": 310, ""subsample"": 0.6944139828793813}",COMPLETE,0.498447370260864
138,0.48982726716728237,2026-09-28 13:09:09.291982,2026-09-28 13:09:10.098686,0 days 00:00:00.806704,0.026503332656312488,4,log2,79,300,0.8232054163749212,"[0.478, 0.458, 0.486, 0.538, 0.489]",0.026337881286666157,"{""learning_rate"": 0.026503332656312488, ""max_depth"": 4, ""max_features"": ""log2"", ""min_samples_leaf"": 79, ""n_estimators"": 300, ""subsample"": 0.8232054163749212}",COMPLETE,0.498447370260864
139,0.48610774476725715,2026-09-28 13:09:10.098717,2026-09-28 13:09:11.052607,0 days 00:00:00.953890,0.019271646949770894,4,log2,70,340,0.8291380269609713,"[0.447, 0.459, 0.487, 0.537, 0.5]",0.03172400555493601,"{""learning_rate"": 0.019271646949770894, ""max_depth"": 4, ""max_features"": ""log2"", ""min_samples_leaf"": 70, ""n_estimators"": 340, ""subsample"": 0.8291380269609713}",COMPLETE,0.498447370260864
140,0.47519543955584276,2026-09-28 13:09:11.052634,2026-09-28 13:09:11.819744,0 days 00:00:00.767110,0.013935196177193333,4,log2,84,310,0.7456823889336963,"[0.412, 0.472, 0.471, 0.529, 0.492]",0.037783356489578056,"{""learning_rate"": 0.013935196177193333, ""max_depth"": 4, ""max_features"": ""log2"", ""min_samples_leaf"": 84, ""n_estimators"": 310, ""subsample"": 0.7456823889336963}",COMPLETE,0.498447370260864
141,0.4858130441734588,2026-09-28 13:09:11.819769,2026-09-28 13:09:12.647997,0 days 00:00:00.828228,0.017014427968044903,4,log2,59,290,0.8111621599797252,"[0.438, 0.468, 0.485, 0.534, 0.505]",0.03247250266712263,"{""learning_rate"": 0.017014427968044903, ""max_depth"": 4, ""max_features"": ""log2"", ""min_samples_leaf"": 59, ""n_estimators"": 290, ""subsample"": 0.8111621599797252}",COMPLETE,0.498447370260864
142,0.4816384577286724,2026-09-28 13:09:12.648022,2026-09-28 13:09:13.548173,0 days 00:00:00.900151,0.016330508361943892,4,log2,60,350,0.7129238756889239,"[0.412, 0.467, 0.485, 0.542, 0.502]",0.042906369523312136,"{""learning_rate"": 0.016330508361943892, ""max_depth"": 4, ""max_features"": ""log2"", ""min_samples_leaf"": 60, ""n_estimators"": 350, ""subsample"": 0.7129238756889239}",COMPLETE,0.498447370260864
143,0.48593688260172047,2026-09-28 13:09:13.548198,2026-09-28 13:09:14.412429,0 days 00:00:00.864231,0.02888012854593168,4,log2,82,320,0.856741924462472,"[0.47, 0.454, 0.465, 0.553, 0.488]",0.03524726710572737,"{""learning_rate"": 0.02888012854593168, ""max_depth"": 4, ""max_features"": ""log2"", ""min_samples_leaf"": 82, ""n_estimators"": 320, ""subsample"": 0.856741924462472}",COMPLETE,0.498447370260864
144,0.48293437059397065,2026-09-28 13:09:14.412453,2026-09-28 13:09:15.271761,0 days 00:00:00.859308,0.028336236440108263,4,log2,61,320,0.7524717695021808,"[0.437, 0.467, 0.487, 0.55, 0.474]",0.037260272057963686,"{""learning_rate"": 0.028336236440108263, ""max_depth"": 4, ""max_features"": ""log2"", ""min_samples_leaf"": 61, ""n_estimators"": 320, ""subsample"": 0.7524717695021808}",COMPLETE,0.498447370260864
145,0.48065343192027166,2026-09-28 13:09:15.271785,2026-09-28 13:09:16.232226,0 days 00:00:00.960441,0.021689759538422334,4,log2,59,360,0.7333664616438369,"[0.427, 0.46, 0.484, 0.544, 0.488]",0.038243891193765235,"{""learning_rate"": 0.021689759538422334, ""max_depth"": 4, ""max_features"": ""log2"", ""min_samples_leaf"": 59, ""n_estimators"": 360, ""subsample"": 0.7333664616438369}",COMPLETE,0.498447370260864
146,0.4841002810137229,2026-09-28 13:09:16.232251,2026-09-28 13:09:16.961970,0 days 00:00:00.729719,0.018023513162120416,4,log2,56,270,0.6906374438835816,"[0.432, 0.487, 0.479, 0.544, 0.48]",0.03547622878564505,"{""learning_rate"": 0.018023513162120416, ""max_depth"": 4, ""max_features"": ""log2"", ""min_samples_leaf"": 56, ""n_estimators"": 270, ""subsample"": 0.6906374438835816}",COMPLETE,0.498447370260864
147,0.47222999835836943,2026-09-28 13:09:16.961996,2026-09-28 13:09:17.993723,0 days 00:00:01.031727,0.033621337761541185,4,log2,62,380,0.7670511052422673,"[0.435, 0.44, 0.46, 0.529, 0.497]",0.03600932895473583,"{""learning_rate"": 0.033621337761541185, ""max_depth"": 4, ""max_features"": ""log2"", ""min_samples_leaf"": 62, ""n_estimators"": 380, ""subsample"": 0.7670511052422673}",COMPLETE,0.498447370260864
148,0.48300942102142147,2026-09-28 13:09:17.993748,2026-09-28 13:09:18.836496,0 days 00:00:00.842748,0.021821155721532006,4,log2,93,320,0.7987073406329742,"[0.435, 0.459, 0.486, 0.542, 0.493]",0.03585260767556986,"{""learning_rate"": 0.021821155721532006, ""max_depth"": 4, ""max_features"": ""log2"", ""min_samples_leaf"": 93, ""n_estimators"": 320, ""subsample"": 0.7987073406329742}",COMPLETE,0.498447370260864
149,0.477711931482796,2026-09-28 13:09:18.836523,2026-09-28 13:09:19.754870,0 days 00:00:00.918347,0.039704083894339895,4,log2,85,350,0.761103518531988,"[0.449, 0.439, 0.463, 0.543, 0.493]",0.037437023212150644,"{""learning_rate"": 0.039704083894339895, ""max_depth"": 4, ""max_features"": ""log2"", ""min_samples_leaf"": 85, ""n_estimators"": 350, ""subsample"": 0.761103518531988}",COMPLETE,0.498447370260864
